mktextfm source-code-pro/OT
mktextfm source-code-pro/OT
mktextfm source-code-pro/OT
mktextfm source-code-pro/BI/OT
mktextfm source-code-pro/OT
mktextfm source-code-pro/B/OT
mktextfm source-code-pro/OT
mktextfm source-code-pro/I/OT
mktextfm source-code-pro/OT
mktextfm source-code-pro/OT
mktextfm source-code-pro/OT
mktextfm /adobe-fonts/source-code-pro/OT
mktextfm /adobe-fonts/source-code-pro/OT
mktextfm /adobe-fonts/source-code-pro/OT
mktextfm /adobe-fonts/source-code-pro/BI/OT
mktextfm /adobe-fonts/source-code-pro/OT
mktextfm /adobe-fonts/source-code-pro/B/OT
mktextfm /adobe-fonts/source-code-pro/OT
mktextfm /adobe-fonts/source-code-pro/I/OT
mktextfm /adobe-fonts/source-code-pro/OT
mktextfm /adobe-fonts/source-code-pro/OT
mktextfm adobe-fonts/source-code-pro/OT
mktextfm adobe-fonts/source-code-pro/OT
mktextfm adobe-fonts/source-code-pro/OT
mktextfm adobe-fonts/source-code-pro/BI/OT
mktextfm adobe-fonts/source-code-pro/OT
mktextfm adobe-fonts/source-code-pro/B/OT
mktextfm adobe-fonts/source-code-pro/OT
mktextfm adobe-fonts/source-code-pro/I/OT
mktextfm adobe-fonts/source-code-pro/OT
mktextfm adobe-fonts/source-code-pro/OT
